Using pre-set license
Built from '2020.3/release' branch; Version is '2020.3.1f1 (77a89f25062f) revision 7841951'; Using compiler version '192528614'; Build Type 'Release'
OS: 'Windows 10 Pro Education; OS build 19042.1348; Version 2009; 64bit' Language: 'es' Physical Memory: 16296 MB
BatchMode: 1, IsHumanControllingUs: 0, StartBugReporterOnCrash: 0, Is64bit: 1, IsPro: 0

 COMMAND LINE ARGUMENTS:
C:\Program Files\Unity\Hub\Editor\2020.3.1f1\Editor\Unity.exe
-adb2
-batchMode
-noUpm
-name
AssetImportWorker0
-projectPath
C:/Users/ani/Desktop/edelap00/Anubis/Anubis
-logFile
Logs/AssetImportWorker0.log
-srvPort
54832
Successfully changed project path to: C:/Users/ani/Desktop/edelap00/Anubis/Anubis
C:/Users/ani/Desktop/edelap00/Anubis/Anubis
Using Asset Import Pipeline V2.
Refreshing native plugins compatible for Editor in 20.63 ms, found 0 plugins.
Preloading 0 native plugins for Editor in 0.00 ms.
Initialize engine version: 2020.3.1f1 (77a89f25062f)
[Subsystems] Discovering subsystems at path C:/Program Files/Unity/Hub/Editor/2020.3.1f1/Editor/Data/Resources/UnitySubsystems
[Subsystems] Discovering subsystems at path C:/Users/ani/Desktop/edelap00/Anubis/Anubis/Assets
GfxDevice: creating device client; threaded=0
Direct3D:
    Version:  Direct3D 11.0 [level 11.1]
    Renderer: NVIDIA GeForce GTX 1660 SUPER (ID=0x21c4)
    Vendor:   
    VRAM:     5991 MB
    Driver:   27.21.14.5730
Initialize mono
Mono path[0] = 'C:/Program Files/Unity/Hub/Editor/2020.3.1f1/Editor/Data/Managed'
Mono path[1] = 'C:/Program Files/Unity/Hub/Editor/2020.3.1f1/Editor/Data/MonoBleedingEdge/lib/mono/unityjit'
Mono config path = 'C:/Program Files/Unity/Hub/Editor/2020.3.1f1/Editor/Data/MonoBleedingEdge/etc'
Using monoOptions --debugger-agent=transport=dt_socket,embedding=1,server=y,suspend=n,address=127.0.0.1:56580
Begin MonoManager ReloadAssembly
Registering precompiled unity dll's ...
Register platform support module: C:/Program Files/Unity/Hub/Editor/2020.3.1f1/Editor/Data/PlaybackEngines/WindowsStandaloneSupport/UnityEditor.WindowsStandalone.Extensions.dll
Registered in 0.001478 seconds.
Native extension for WindowsStandalone target not found
Refreshing native plugins compatible for Editor in 20.51 ms, found 0 plugins.
Preloading 0 native plugins for Editor in 0.00 ms.
Invoked RoslynAnalysisRunner static constructor.
RoslynAnalysisRunner will not be running.
RoslynAnalysisRunner has terminated.
Mono: successfully reloaded assembly
- Completed reload, in  1.499 seconds
Platform modules already initialized, skipping
Registering precompiled user dll's ...
Registered in 0.000559 seconds.
Begin MonoManager ReloadAssembly
Native extension for WindowsStandalone target not found
Refreshing native plugins compatible for Editor in 0.23 ms, found 0 plugins.
Preloading 0 native plugins for Editor in 0.00 ms.
Invoked RoslynAnalysisRunner static constructor.
RoslynAnalysisRunner will not be running.
RoslynAnalysisRunner has terminated.
Mono: successfully reloaded assembly
- Completed reload, in  0.669 seconds
Platform modules already initialized, skipping
========================================================================
Worker process is ready to serve import requests
Launched and connected shader compiler UnityShaderCompiler.exe after 0.03 seconds
Refreshing native plugins compatible for Editor in 0.19 ms, found 0 plugins.
Preloading 0 native plugins for Editor in 0.00 ms.
Unloading 1148 Unused Serialized files (Serialized files now loaded: 0)
System memory in use before: 58.1 MB.
System memory in use after: 58.1 MB.

Unloading 10 unused Assets to reduce memory usage. Loaded Objects now: 1590.
Total: 1.703200 ms (FindLiveObjects: 0.214100 ms CreateObjectMapping: 0.035700 ms MarkObjects: 1.393700 ms  DeleteObjects: 0.059000 ms)

========================================================================
Received Import Request.
  path: Assets/Scenes/SampleScene.unity
  artifactKey: Guid(9fc0d4010bbf28b4594072e72b8655ab) Importer(815301076,1909f56bfc062723c751e8b465ee728b)
Start importing Assets/Scenes/SampleScene.unity using Guid(9fc0d4010bbf28b4594072e72b8655ab) Importer(815301076,1909f56bfc062723c751e8b465ee728b)  -> (artifact id: 'e914f75ae74d4da14797225ca8d3bc85') in 0.015021 seconds
  Import took 0.016858 seconds .

========================================================================
Received Import Request.
  Time since last request: 23.788025 seconds.
  path: Assets/Scenes/Game.unity
  artifactKey: Guid(9fc0d4010bbf28b4594072e72b8655ab) Importer(815301076,1909f56bfc062723c751e8b465ee728b)
Start importing Assets/Scenes/Game.unity using Guid(9fc0d4010bbf28b4594072e72b8655ab) Importer(815301076,1909f56bfc062723c751e8b465ee728b)  -> (artifact id: 'd595fc25b9ffb1634d8ee7808622ca5b') in 0.006445 seconds
  Import took 0.008264 seconds .

========================================================================
Received Prepare
Registering precompiled user dll's ...
Registered in 0.000423 seconds.
Begin MonoManager ReloadAssembly
Native extension for WindowsStandalone target not found
Refreshing native plugins compatible for Editor in 0.19 ms, found 0 plugins.
Preloading 0 native plugins for Editor in 0.00 ms.
Invoked RoslynAnalysisRunner static constructor.
RoslynAnalysisRunner will not be running.
RoslynAnalysisRunner has terminated.
Mono: successfully reloaded assembly
- Completed reload, in  0.662 seconds
Platform modules already initialized, skipping
Refreshing native plugins compatible for Editor in 0.19 ms, found 0 plugins.
Preloading 0 native plugins for Editor in 0.00 ms.
Unloading 1144 Unused Serialized files (Serialized files now loaded: 0)
System memory in use before: 58.1 MB.
System memory in use after: 58.2 MB.

Unloading 5 unused Assets to reduce memory usage. Loaded Objects now: 1594.
Total: 1.379100 ms (FindLiveObjects: 0.136600 ms CreateObjectMapping: 0.034800 ms MarkObjects: 1.126600 ms  DeleteObjects: 0.080300 ms)

========================================================================
Received Import Request.
  Time since last request: 28.600960 seconds.
  path: Assets/Scripts/PlatformMove.cs
  artifactKey: Guid(625769eb6cc8b7041989c68a6ef4467b) Importer(815301076,1909f56bfc062723c751e8b465ee728b)
Start importing Assets/Scripts/PlatformMove.cs using Guid(625769eb6cc8b7041989c68a6ef4467b) Importer(815301076,1909f56bfc062723c751e8b465ee728b)  -> (artifact id: '24cdc0f263541337410d64b8afa1dfdb') in 0.021158 seconds
  Import took 0.022906 seconds .

========================================================================
Received Prepare
Registering precompiled user dll's ...
Registered in 0.000417 seconds.
Begin MonoManager ReloadAssembly
Native extension for WindowsStandalone target not found
Refreshing native plugins compatible for Editor in 0.20 ms, found 0 plugins.
Preloading 0 native plugins for Editor in 0.00 ms.
Invoked RoslynAnalysisRunner static constructor.
RoslynAnalysisRunner will not be running.
RoslynAnalysisRunner has terminated.
Mono: successfully reloaded assembly
- Completed reload, in  0.646 seconds
Platform modules already initialized, skipping
Refreshing native plugins compatible for Editor in 0.19 ms, found 0 plugins.
Preloading 0 native plugins for Editor in 0.00 ms.
Unloading 1145 Unused Serialized files (Serialized files now loaded: 0)
System memory in use before: 58.1 MB.
System memory in use after: 58.2 MB.

Unloading 5 unused Assets to reduce memory usage. Loaded Objects now: 1598.
Total: 1.634000 ms (FindLiveObjects: 0.178700 ms CreateObjectMapping: 0.062200 ms MarkObjects: 1.311700 ms  DeleteObjects: 0.080500 ms)

========================================================================
Received Prepare
Registering precompiled user dll's ...
Registered in 0.000403 seconds.
Begin MonoManager ReloadAssembly
Native extension for WindowsStandalone target not found
Refreshing native plugins compatible for Editor in 0.19 ms, found 0 plugins.
Preloading 0 native plugins for Editor in 0.00 ms.
Invoked RoslynAnalysisRunner static constructor.
RoslynAnalysisRunner will not be running.
RoslynAnalysisRunner has terminated.
Mono: successfully reloaded assembly
- Completed reload, in  0.656 seconds
Platform modules already initialized, skipping
Refreshing native plugins compatible for Editor in 0.19 ms, found 0 plugins.
Preloading 0 native plugins for Editor in 0.00 ms.
Unloading 1146 Unused Serialized files (Serialized files now loaded: 0)
System memory in use before: 58.2 MB.
System memory in use after: 58.2 MB.

Unloading 5 unused Assets to reduce memory usage. Loaded Objects now: 1602.
Total: 1.359000 ms (FindLiveObjects: 0.109400 ms CreateObjectMapping: 0.030000 ms MarkObjects: 1.184400 ms  DeleteObjects: 0.034600 ms)

========================================================================
Received Import Request.
  Time since last request: 61.446680 seconds.
  path: Assets/Art/Backdrop.png
  artifactKey: Guid(0f9d6bb243d9dcd458416e646c39ae50) Importer(815301076,1909f56bfc062723c751e8b465ee728b)
Start importing Assets/Art/Backdrop.png using Guid(0f9d6bb243d9dcd458416e646c39ae50) Importer(815301076,1909f56bfc062723c751e8b465ee728b)  -> (artifact id: '7ae328af9020ef0c0c9caeac1b1a166d') in 0.102331 seconds
  Import took 0.104224 seconds .

========================================================================
Received Import Request.
  Time since last request: 0.000212 seconds.
  path: Assets/Art/Collectables.png
  artifactKey: Guid(3d10aa5153195054bab457d202b6d8c4) Importer(815301076,1909f56bfc062723c751e8b465ee728b)
Start importing Assets/Art/Collectables.png using Guid(3d10aa5153195054bab457d202b6d8c4) Importer(815301076,1909f56bfc062723c751e8b465ee728b)  -> (artifact id: '5e2c11f289a916e5493640356e3cc1e0') in 0.057185 seconds
  Import took 0.058908 seconds .

========================================================================
Received Import Request.
  Time since last request: 0.000186 seconds.
  path: Assets/Art/The Goldsmith_Vintage.otf
  artifactKey: Guid(01948d419a02f5a4383e3c4398f3591d) Importer(815301076,1909f56bfc062723c751e8b465ee728b)
Start importing Assets/Art/The Goldsmith_Vintage.otf using Guid(01948d419a02f5a4383e3c4398f3591d) Importer(815301076,1909f56bfc062723c751e8b465ee728b)  -> (artifact id: 'dc04fc0c770c202778a85a1134216461') in 0.035947 seconds
  Import took 0.037561 seconds .

========================================================================
Received Import Request.
  Time since last request: 0.000190 seconds.
  path: Assets/Art/RetryButton.png
  artifactKey: Guid(d6e865d3a9f061643b6d9dd765b35a90) Importer(815301076,1909f56bfc062723c751e8b465ee728b)
Start importing Assets/Art/RetryButton.png using Guid(d6e865d3a9f061643b6d9dd765b35a90) Importer(815301076,1909f56bfc062723c751e8b465ee728b)  -> (artifact id: 'debea2c86aa17922a048b0f36133b63d') in 0.007351 seconds
  Import took 0.008953 seconds .

========================================================================
Received Import Request.
  Time since last request: 0.000197 seconds.
  path: Assets/Art/GameOverBG.jpg
  artifactKey: Guid(9189f506b6d144647a7b4c42bcb42051) Importer(815301076,1909f56bfc062723c751e8b465ee728b)
Start importing Assets/Art/GameOverBG.jpg using Guid(9189f506b6d144647a7b4c42bcb42051) Importer(815301076,1909f56bfc062723c751e8b465ee728b)  -> (artifact id: '144e3289006a8290c1ceb2828c4f6565') in 0.009171 seconds
  Import took 0.010860 seconds .

========================================================================
Received Import Request.
  Time since last request: 0.000208 seconds.
  path: Assets/Art/Platforms.png
  artifactKey: Guid(df15890ee2c957f4f847dba86acd0e24) Importer(815301076,1909f56bfc062723c751e8b465ee728b)
Start importing Assets/Art/Platforms.png using Guid(df15890ee2c957f4f847dba86acd0e24) Importer(815301076,1909f56bfc062723c751e8b465ee728b)  -> (artifact id: '2b7939e270e21e5da7ef3fc07d97b8e7') in 0.053802 seconds
  Import took 0.055492 seconds .

========================================================================
Received Import Request.
  Time since last request: 0.000131 seconds.
  path: Assets/Art/The Goldsmith_Vintage.ttf
  artifactKey: Guid(46e27aef4b260934a9a36dca14146623) Importer(815301076,1909f56bfc062723c751e8b465ee728b)
Start importing Assets/Art/The Goldsmith_Vintage.ttf using Guid(46e27aef4b260934a9a36dca14146623) Importer(815301076,1909f56bfc062723c751e8b465ee728b)  -> (artifact id: '42cd616fc62e1cf2e31431ba474ab506') in 0.006850 seconds
  Import took 0.008457 seconds .

========================================================================
Received Import Request.
  Time since last request: 0.000152 seconds.
  path: Assets/Art/SkySunset.png
  artifactKey: Guid(35fd8594f76655f4b97d13ca7fe4f3b6) Importer(815301076,1909f56bfc062723c751e8b465ee728b)
Start importing Assets/Art/SkySunset.png using Guid(35fd8594f76655f4b97d13ca7fe4f3b6) Importer(815301076,1909f56bfc062723c751e8b465ee728b)  -> (artifact id: '9bfbbaeb8e8d66d22a0aae7bcb532d36') in 0.008893 seconds
  Import took 0.010612 seconds .

========================================================================
Received Import Request.
  Time since last request: 0.000181 seconds.
  path: Assets/Art/Character.png
  artifactKey: Guid(f267439e65eb0534a9140550c75df8cb) Importer(815301076,1909f56bfc062723c751e8b465ee728b)
Start importing Assets/Art/Character.png using Guid(f267439e65eb0534a9140550c75df8cb) Importer(815301076,1909f56bfc062723c751e8b465ee728b)  -> (artifact id: '5516c32c3b16a6c1ff687e246e24453c') in 0.032827 seconds
  Import took 0.034569 seconds .

========================================================================
Received Import Request.
  Time since last request: 1.298203 seconds.
  path: Assets/Ani/Backdrop.png
  artifactKey: Guid(7ccc10cd307348742b7634b2f7ea3adb) Importer(815301076,1909f56bfc062723c751e8b465ee728b)
Start importing Assets/Ani/Backdrop.png using Guid(7ccc10cd307348742b7634b2f7ea3adb) Importer(815301076,1909f56bfc062723c751e8b465ee728b)  -> (artifact id: '87935d4e448762e8ef273cb0e382694f') in 0.010778 seconds
  Import took 0.012553 seconds .

========================================================================
Received Import Request.
  Time since last request: 9.733068 seconds.
  path: Assets/Ani/Backdrop_img.png
  artifactKey: Guid(7ccc10cd307348742b7634b2f7ea3adb) Importer(815301076,1909f56bfc062723c751e8b465ee728b)
Start importing Assets/Ani/Backdrop_img.png using Guid(7ccc10cd307348742b7634b2f7ea3adb) Importer(815301076,1909f56bfc062723c751e8b465ee728b)  -> (artifact id: '5807dd9841c1cc07a83a90ae3cf70651') in 0.012584 seconds
  Import took 0.014345 seconds .

========================================================================
Received Import Request.
  Time since last request: 374.488839 seconds.
  path: Assets/Art/SkySunset.png
  artifactKey: Guid(35fd8594f76655f4b97d13ca7fe4f3b6) Importer(815301076,1909f56bfc062723c751e8b465ee728b)
Start importing Assets/Art/SkySunset.png using Guid(35fd8594f76655f4b97d13ca7fe4f3b6) Importer(815301076,1909f56bfc062723c751e8b465ee728b)  -> (artifact id: '0fa84778347f96fe54065c4876f6ae71') in 0.011986 seconds
  Import took 0.013981 seconds .

========================================================================
Received Prepare
Registering precompiled user dll's ...
Registered in 0.000527 seconds.
Begin MonoManager ReloadAssembly
Native extension for WindowsStandalone target not found
Refreshing native plugins compatible for Editor in 0.19 ms, found 0 plugins.
Preloading 0 native plugins for Editor in 0.00 ms.
Invoked RoslynAnalysisRunner static constructor.
RoslynAnalysisRunner will not be running.
RoslynAnalysisRunner has terminated.
Mono: successfully reloaded assembly
- Completed reload, in  0.632 seconds
Platform modules already initialized, skipping
Refreshing native plugins compatible for Editor in 0.18 ms, found 0 plugins.
Preloading 0 native plugins for Editor in 0.00 ms.
Unloading 1146 Unused Serialized files (Serialized files now loaded: 0)
System memory in use before: 61.8 MB.
System memory in use after: 61.9 MB.

Unloading 5 unused Assets to reduce memory usage. Loaded Objects now: 1709.
Total: 1.442500 ms (FindLiveObjects: 0.118300 ms CreateObjectMapping: 0.030600 ms MarkObjects: 1.218900 ms  DeleteObjects: 0.074200 ms)

========================================================================
Received Prepare
Registering precompiled user dll's ...
Registered in 0.000479 seconds.
Begin MonoManager ReloadAssembly
Native extension for WindowsStandalone target not found
Refreshing native plugins compatible for Editor in 0.19 ms, found 0 plugins.
Preloading 0 native plugins for Editor in 0.00 ms.
Invoked RoslynAnalysisRunner static constructor.
RoslynAnalysisRunner will not be running.
RoslynAnalysisRunner has terminated.
Mono: successfully reloaded assembly
- Completed reload, in  0.636 seconds
Platform modules already initialized, skipping
Refreshing native plugins compatible for Editor in 0.19 ms, found 0 plugins.
Preloading 0 native plugins for Editor in 0.00 ms.
Unloading 1146 Unused Serialized files (Serialized files now loaded: 0)
System memory in use before: 61.8 MB.
System memory in use after: 61.9 MB.

Unloading 5 unused Assets to reduce memory usage. Loaded Objects now: 1712.
Total: 1.448100 ms (FindLiveObjects: 0.144200 ms CreateObjectMapping: 0.039200 ms MarkObjects: 1.226100 ms  DeleteObjects: 0.037900 ms)

========================================================================
Received Import Request.
  Time since last request: 1066.467521 seconds.
  path: Assets/Art/cayendo.anim
  artifactKey: Guid(42fd48bfd7718ce4fbcd4dab74a8e0b4) Importer(815301076,1909f56bfc062723c751e8b465ee728b)
Start importing Assets/Art/cayendo.anim using Guid(42fd48bfd7718ce4fbcd4dab74a8e0b4) Importer(815301076,1909f56bfc062723c751e8b465ee728b)  -> (artifact id: 'db3ed71f72157941df6c428d016e1f24') in 0.016176 seconds
  Import took 0.018445 seconds .

========================================================================
Received Prepare
Registering precompiled user dll's ...
Registered in 0.000561 seconds.
Begin MonoManager ReloadAssembly
Native extension for WindowsStandalone target not found
Refreshing native plugins compatible for Editor in 0.19 ms, found 0 plugins.
Preloading 0 native plugins for Editor in 0.00 ms.
Invoked RoslynAnalysisRunner static constructor.
RoslynAnalysisRunner will not be running.
RoslynAnalysisRunner has terminated.
Mono: successfully reloaded assembly
- Completed reload, in  0.647 seconds
Platform modules already initialized, skipping
Refreshing native plugins compatible for Editor in 0.19 ms, found 0 plugins.
Preloading 0 native plugins for Editor in 0.00 ms.
Unloading 1146 Unused Serialized files (Serialized files now loaded: 0)
System memory in use before: 61.8 MB.
System memory in use after: 61.9 MB.

Unloading 5 unused Assets to reduce memory usage. Loaded Objects now: 1715.
Total: 1.562800 ms (FindLiveObjects: 0.146400 ms CreateObjectMapping: 0.036700 ms MarkObjects: 1.296600 ms  DeleteObjects: 0.082300 ms)

========================================================================
Received Import Request.
  Time since last request: 8.207070 seconds.
  path: Assets/Prefabs/personaje.prefab
  artifactKey: Guid(ca45242031b439642aee4f13591691ac) Importer(815301076,1909f56bfc062723c751e8b465ee728b)
Start importing Assets/Prefabs/personaje.prefab using Guid(ca45242031b439642aee4f13591691ac) Importer(815301076,1909f56bfc062723c751e8b465ee728b)  -> (artifact id: '455fe6f93a1038958daf9f5d29684ea3') in 0.080062 seconds
  Import took 0.082248 seconds .

========================================================================
Received Import Request.
  Time since last request: 0.000193 seconds.
  path: Assets/Prefabs/suelo.prefab
  artifactKey: Guid(2a9e70cac13f0614a8a7bfb4404beaef) Importer(815301076,1909f56bfc062723c751e8b465ee728b)
Start importing Assets/Prefabs/suelo.prefab using Guid(2a9e70cac13f0614a8a7bfb4404beaef) Importer(815301076,1909f56bfc062723c751e8b465ee728b)  -> (artifact id: '2a09ca9d2115d1a12153c02f2f86ae6b') in 0.017507 seconds
  Import took 0.019280 seconds .

========================================================================
Received Import Request.
  Time since last request: 1.105394 seconds.
  path: Assets/Audio/Music
  artifactKey: Guid(0639a03f3e4097d458806c99991d44f8) Importer(815301076,1909f56bfc062723c751e8b465ee728b)
Start importing Assets/Audio/Music using Guid(0639a03f3e4097d458806c99991d44f8) Importer(815301076,1909f56bfc062723c751e8b465ee728b)  -> (artifact id: '179c5784c8295d31a0c8d07db2652149') in 0.005674 seconds
  Import took 0.007738 seconds .

========================================================================
Received Import Request.
  Time since last request: 19.535063 seconds.
  path: Assets/Audio/Music/GameMusic.wav
  artifactKey: Guid(fe0d567b47a2fd84a8f67ad47d58e9c9) Importer(815301076,1909f56bfc062723c751e8b465ee728b)
Start importing Assets/Audio/Music/GameMusic.wav using Guid(fe0d567b47a2fd84a8f67ad47d58e9c9) Importer(815301076,1909f56bfc062723c751e8b465ee728b)  -> (artifact id: 'ea5aa6cf35ae4fcaaefd6f04c38ac83a') in 0.036037 seconds
  Import took 0.037790 seconds .

========================================================================
Received Import Request.
  Time since last request: 0.000242 seconds.
  path: Assets/Audio/Music/GameOverScreenMusic.wav
  artifactKey: Guid(34e0d1aa614f17b48a58bd4d676a93ce) Importer(815301076,1909f56bfc062723c751e8b465ee728b)
Start importing Assets/Audio/Music/GameOverScreenMusic.wav using Guid(34e0d1aa614f17b48a58bd4d676a93ce) Importer(815301076,1909f56bfc062723c751e8b465ee728b)  -> (artifact id: '1ac1c85ac900465d9b070009438f577d') in 0.023829 seconds
  Import took 0.025512 seconds .

========================================================================
Received Import Request.
  Time since last request: 1.511643 seconds.
  path: Assets/Audio/Music/Zone Ankha.mp3
  artifactKey: Guid(c2e01b350a2682c4ca17042e45eb87bc) Importer(815301076,1909f56bfc062723c751e8b465ee728b)
Start importing Assets/Audio/Music/Zone Ankha.mp3 using Guid(c2e01b350a2682c4ca17042e45eb87bc) Importer(815301076,1909f56bfc062723c751e8b465ee728b)  -> (artifact id: '6986d80c47db1c38e1d35633c5f0c4aa') in 0.006635 seconds
  Import took 0.008376 seconds .

========================================================================
Received Import Request.
  Time since last request: 0.009033 seconds.
  path: Assets/Audio/Music/Zone Ankha.mp3
  artifactKey: Guid(c2e01b350a2682c4ca17042e45eb87bc) Importer(815301076,1909f56bfc062723c751e8b465ee728b)
Start importing Assets/Audio/Music/Zone Ankha.mp3 using Guid(c2e01b350a2682c4ca17042e45eb87bc) Importer(815301076,1909f56bfc062723c751e8b465ee728b)  -> (artifact id: '6986d80c47db1c38e1d35633c5f0c4aa') in 0.002221 seconds
  Import took 0.003914 seconds .

