Using pre-set license
Built from '2020.3/release' branch; Version is '2020.3.1f1 (77a89f25062f) revision 7841951'; Using compiler version '192528614'; Build Type 'Release'
OS: 'Windows 10 Pro Education; OS build 19042.1348; Version 2009; 64bit' Language: 'es' Physical Memory: 16296 MB
BatchMode: 1, IsHumanControllingUs: 0, StartBugReporterOnCrash: 0, Is64bit: 1, IsPro: 0

 COMMAND LINE ARGUMENTS:
C:\Program Files\Unity\Hub\Editor\2020.3.1f1\Editor\Unity.exe
-adb2
-batchMode
-noUpm
-name
AssetImportWorker0
-projectPath
C:/Users/ani/Desktop/edelap00/Anubis/Anubis
-logFile
Logs/AssetImportWorker0.log
-srvPort
56717
Successfully changed project path to: C:/Users/ani/Desktop/edelap00/Anubis/Anubis
C:/Users/ani/Desktop/edelap00/Anubis/Anubis
Using Asset Import Pipeline V2.
Refreshing native plugins compatible for Editor in 20.23 ms, found 0 plugins.
Preloading 0 native plugins for Editor in 0.00 ms.
Initialize engine version: 2020.3.1f1 (77a89f25062f)
[Subsystems] Discovering subsystems at path C:/Program Files/Unity/Hub/Editor/2020.3.1f1/Editor/Data/Resources/UnitySubsystems
[Subsystems] Discovering subsystems at path C:/Users/ani/Desktop/edelap00/Anubis/Anubis/Assets
GfxDevice: creating device client; threaded=0
Direct3D:
    Version:  Direct3D 11.0 [level 11.1]
    Renderer: NVIDIA GeForce GTX 1660 SUPER (ID=0x21c4)
    Vendor:   
    VRAM:     5991 MB
    Driver:   27.21.14.5730
Initialize mono
Mono path[0] = 'C:/Program Files/Unity/Hub/Editor/2020.3.1f1/Editor/Data/Managed'
Mono path[1] = 'C:/Program Files/Unity/Hub/Editor/2020.3.1f1/Editor/Data/MonoBleedingEdge/lib/mono/unityjit'
Mono config path = 'C:/Program Files/Unity/Hub/Editor/2020.3.1f1/Editor/Data/MonoBleedingEdge/etc'
Using monoOptions --debugger-agent=transport=dt_socket,embedding=1,server=y,suspend=n,address=127.0.0.1:56764
Begin MonoManager ReloadAssembly
Registering precompiled unity dll's ...
Register platform support module: C:/Program Files/Unity/Hub/Editor/2020.3.1f1/Editor/Data/PlaybackEngines/WindowsStandaloneSupport/UnityEditor.WindowsStandalone.Extensions.dll
Registered in 0.001416 seconds.
Native extension for WindowsStandalone target not found
Refreshing native plugins compatible for Editor in 20.39 ms, found 0 plugins.
Preloading 0 native plugins for Editor in 0.00 ms.
Invoked RoslynAnalysisRunner static constructor.
RoslynAnalysisRunner will not be running.
RoslynAnalysisRunner has terminated.
Mono: successfully reloaded assembly
- Completed reload, in  1.433 seconds
Platform modules already initialized, skipping
Registering precompiled user dll's ...
Registered in 0.000468 seconds.
Begin MonoManager ReloadAssembly
Native extension for WindowsStandalone target not found
Refreshing native plugins compatible for Editor in 0.19 ms, found 0 plugins.
Preloading 0 native plugins for Editor in 0.00 ms.
Invoked RoslynAnalysisRunner static constructor.
RoslynAnalysisRunner will not be running.
RoslynAnalysisRunner has terminated.
Mono: successfully reloaded assembly
- Completed reload, in  0.702 seconds
Platform modules already initialized, skipping
========================================================================
Worker process is ready to serve import requests
Launched and connected shader compiler UnityShaderCompiler.exe after 0.03 seconds
Refreshing native plugins compatible for Editor in 0.18 ms, found 0 plugins.
Preloading 0 native plugins for Editor in 0.00 ms.
Unloading 1113 Unused Serialized files (Serialized files now loaded: 0)
System memory in use before: 56.9 MB.
System memory in use after: 56.9 MB.

Unloading 10 unused Assets to reduce memory usage. Loaded Objects now: 1555.
Total: 4.792400 ms (FindLiveObjects: 0.396700 ms CreateObjectMapping: 0.193600 ms MarkObjects: 4.135500 ms  DeleteObjects: 0.063700 ms)

========================================================================
Received Import Request.
  path: Assets/Art/Collectables.png
  artifactKey: Guid(3d10aa5153195054bab457d202b6d8c4) Importer(815301076,1909f56bfc062723c751e8b465ee728b)
Start importing Assets/Art/Collectables.png using Guid(3d10aa5153195054bab457d202b6d8c4) Importer(815301076,1909f56bfc062723c751e8b465ee728b)  -> (artifact id: 'e010acab6f4e564d5e16141e6072929f') in 0.048574 seconds
  Import took 0.050217 seconds .

========================================================================
Received Import Request.
  Time since last request: 0.000246 seconds.
  path: Assets/Art/Character 2.png
  artifactKey: Guid(d07207e085c2d044cba4e3dbde6f6e8c) Importer(815301076,1909f56bfc062723c751e8b465ee728b)
Start importing Assets/Art/Character 2.png using Guid(d07207e085c2d044cba4e3dbde6f6e8c) Importer(815301076,1909f56bfc062723c751e8b465ee728b)  -> (artifact id: 'ba249d41604ee81e4cb889e2dc20d92e') in 0.020008 seconds
  Import took 0.021518 seconds .

========================================================================
Received Import Request.
  Time since last request: 0.000138 seconds.
  path: Assets/Art/The Goldsmith_Vintage.otf
  artifactKey: Guid(01948d419a02f5a4383e3c4398f3591d) Importer(815301076,1909f56bfc062723c751e8b465ee728b)
Start importing Assets/Art/The Goldsmith_Vintage.otf using Guid(01948d419a02f5a4383e3c4398f3591d) Importer(815301076,1909f56bfc062723c751e8b465ee728b)  -> (artifact id: 'fb4047962cc3a9c1957aa8e383fb40a2') in 0.064876 seconds
  Import took 0.066533 seconds .

========================================================================
Received Import Request.
  Time since last request: 0.000189 seconds.
  path: Assets/Art/RetryButton.png
  artifactKey: Guid(d6e865d3a9f061643b6d9dd765b35a90) Importer(815301076,1909f56bfc062723c751e8b465ee728b)
Start importing Assets/Art/RetryButton.png using Guid(d6e865d3a9f061643b6d9dd765b35a90) Importer(815301076,1909f56bfc062723c751e8b465ee728b)  -> (artifact id: '06d7db1a07cabfe9af3577a0e0b207f1') in 0.008285 seconds
  Import took 0.009902 seconds .

========================================================================
Received Import Request.
  Time since last request: 0.000175 seconds.
  path: Assets/Art/GameOverBG.jpg
  artifactKey: Guid(9189f506b6d144647a7b4c42bcb42051) Importer(815301076,1909f56bfc062723c751e8b465ee728b)
Start importing Assets/Art/GameOverBG.jpg using Guid(9189f506b6d144647a7b4c42bcb42051) Importer(815301076,1909f56bfc062723c751e8b465ee728b)  -> (artifact id: '194c09b2e4970b1850461f1673f9c525') in 0.012099 seconds
  Import took 0.013744 seconds .

========================================================================
Received Import Request.
  Time since last request: 0.000116 seconds.
  path: Assets/Art/Platforms.png
  artifactKey: Guid(df15890ee2c957f4f847dba86acd0e24) Importer(815301076,1909f56bfc062723c751e8b465ee728b)
Start importing Assets/Art/Platforms.png using Guid(df15890ee2c957f4f847dba86acd0e24) Importer(815301076,1909f56bfc062723c751e8b465ee728b)  -> (artifact id: 'e902c783fd8cba3e7048058b580afc3c') in 0.011293 seconds
  Import took 0.012885 seconds .

========================================================================
Received Import Request.
  Time since last request: 0.000157 seconds.
  path: Assets/Art/The Goldsmith_Vintage.ttf
  artifactKey: Guid(46e27aef4b260934a9a36dca14146623) Importer(815301076,1909f56bfc062723c751e8b465ee728b)
Start importing Assets/Art/The Goldsmith_Vintage.ttf using Guid(46e27aef4b260934a9a36dca14146623) Importer(815301076,1909f56bfc062723c751e8b465ee728b)  -> (artifact id: 'dc75b20d35eda8493232df897e16a26f') in 0.007212 seconds
  Import took 0.008826 seconds .

========================================================================
Received Import Request.
  Time since last request: 0.000150 seconds.
  path: Assets/Art/Backdrop.png
  artifactKey: Guid(0f9d6bb243d9dcd458416e646c39ae50) Importer(815301076,1909f56bfc062723c751e8b465ee728b)
Start importing Assets/Art/Backdrop.png using Guid(0f9d6bb243d9dcd458416e646c39ae50) Importer(815301076,1909f56bfc062723c751e8b465ee728b)  -> (artifact id: '101e1f973148357afe7fc7099c8048d2') in 0.010522 seconds
  Import took 0.012322 seconds .

========================================================================
Received Import Request.
  Time since last request: 0.000167 seconds.
  path: Assets/Art/SkySunset.png
  artifactKey: Guid(35fd8594f76655f4b97d13ca7fe4f3b6) Importer(815301076,1909f56bfc062723c751e8b465ee728b)
Start importing Assets/Art/SkySunset.png using Guid(35fd8594f76655f4b97d13ca7fe4f3b6) Importer(815301076,1909f56bfc062723c751e8b465ee728b)  -> (artifact id: '588817cbf463e8db848aac8c5b1e63ca') in 0.009187 seconds
  Import took 0.010857 seconds .

========================================================================
Received Import Request.
  Time since last request: 0.000137 seconds.
  path: Assets/Art/Character.png
  artifactKey: Guid(f267439e65eb0534a9140550c75df8cb) Importer(815301076,1909f56bfc062723c751e8b465ee728b)
Start importing Assets/Art/Character.png using Guid(f267439e65eb0534a9140550c75df8cb) Importer(815301076,1909f56bfc062723c751e8b465ee728b)  -> (artifact id: '28f3db38d0004233deb7befc0108bf6c') in 0.010445 seconds
  Import took 0.012111 seconds .

========================================================================
Received Import Request.
  Time since last request: 35.307466 seconds.
  path: Assets/Art/Character.png
  artifactKey: Guid(f267439e65eb0534a9140550c75df8cb) Importer(815301076,1909f56bfc062723c751e8b465ee728b)
Start importing Assets/Art/Character.png using Guid(f267439e65eb0534a9140550c75df8cb) Importer(815301076,1909f56bfc062723c751e8b465ee728b)  -> (artifact id: '1a7192106dfed210f8d005bca7a3a354') in 0.012380 seconds
  Import took 0.014099 seconds .

========================================================================
Received Prepare
Registering precompiled user dll's ...
Registered in 0.000452 seconds.
Begin MonoManager ReloadAssembly
Native extension for WindowsStandalone target not found
Refreshing native plugins compatible for Editor in 0.19 ms, found 0 plugins.
Preloading 0 native plugins for Editor in 0.00 ms.
Invoked RoslynAnalysisRunner static constructor.
RoslynAnalysisRunner will not be running.
RoslynAnalysisRunner has terminated.
Mono: successfully reloaded assembly
- Completed reload, in  0.647 seconds
Platform modules already initialized, skipping
Refreshing native plugins compatible for Editor in 0.19 ms, found 0 plugins.
Preloading 0 native plugins for Editor in 0.00 ms.
Unloading 1142 Unused Serialized files (Serialized files now loaded: 0)
System memory in use before: 61.4 MB.
System memory in use after: 61.5 MB.

Unloading 5 unused Assets to reduce memory usage. Loaded Objects now: 1638.
Total: 1.426900 ms (FindLiveObjects: 0.149700 ms CreateObjectMapping: 0.031300 ms MarkObjects: 1.174400 ms  DeleteObjects: 0.070700 ms)

========================================================================
Received Import Request.
  Time since last request: 192.872134 seconds.
  path: Assets/Art/Character.png
  artifactKey: Guid(f267439e65eb0534a9140550c75df8cb) Importer(815301076,1909f56bfc062723c751e8b465ee728b)
Start importing Assets/Art/Character.png using Guid(f267439e65eb0534a9140550c75df8cb) Importer(815301076,1909f56bfc062723c751e8b465ee728b)  -> (artifact id: '01a0cf59ffc5f4a209657447c6adb378') in 0.077446 seconds
  Import took 0.079281 seconds .

========================================================================
Received Import Request.
  Time since last request: 11.682843 seconds.
  path: Assets/Art/Collectables.png
  artifactKey: Guid(3d10aa5153195054bab457d202b6d8c4) Importer(815301076,1909f56bfc062723c751e8b465ee728b)
Start importing Assets/Art/Collectables.png using Guid(3d10aa5153195054bab457d202b6d8c4) Importer(815301076,1909f56bfc062723c751e8b465ee728b)  -> (artifact id: '227830545c83ec5c887478dc0dc6b384') in 0.008768 seconds
  Import took 0.010552 seconds .

========================================================================
Received Import Request.
  Time since last request: 0.001049 seconds.
  path: Assets/Art/Collectables.png
  artifactKey: Guid(3d10aa5153195054bab457d202b6d8c4) Importer(815301076,1909f56bfc062723c751e8b465ee728b)
Start importing Assets/Art/Collectables.png using Guid(3d10aa5153195054bab457d202b6d8c4) Importer(815301076,1909f56bfc062723c751e8b465ee728b)  -> (artifact id: '227830545c83ec5c887478dc0dc6b384') in 0.010722 seconds
  Import took 0.012382 seconds .

========================================================================
Received Import Request.
  Time since last request: 16.615167 seconds.
  path: Assets/Art/Collectables.png
  artifactKey: Guid(3d10aa5153195054bab457d202b6d8c4) Importer(815301076,1909f56bfc062723c751e8b465ee728b)
Start importing Assets/Art/Collectables.png using Guid(3d10aa5153195054bab457d202b6d8c4) Importer(815301076,1909f56bfc062723c751e8b465ee728b)  -> (artifact id: 'fdc4ff74430619b20db20ff7824bd320') in 0.071722 seconds
  Import took 0.073541 seconds .

========================================================================
Received Prepare
Registering precompiled user dll's ...
Registered in 0.000518 seconds.
Begin MonoManager ReloadAssembly
Native extension for WindowsStandalone target not found
Refreshing native plugins compatible for Editor in 0.19 ms, found 0 plugins.
Preloading 0 native plugins for Editor in 0.00 ms.
Invoked RoslynAnalysisRunner static constructor.
RoslynAnalysisRunner will not be running.
RoslynAnalysisRunner has terminated.
Mono: successfully reloaded assembly
- Completed reload, in  0.651 seconds
Platform modules already initialized, skipping
Refreshing native plugins compatible for Editor in 0.19 ms, found 0 plugins.
Preloading 0 native plugins for Editor in 0.00 ms.
Unloading 1142 Unused Serialized files (Serialized files now loaded: 0)
System memory in use before: 61.4 MB.
System memory in use after: 61.5 MB.

Unloading 5 unused Assets to reduce memory usage. Loaded Objects now: 1664.
Total: 1.520400 ms (FindLiveObjects: 0.201200 ms CreateObjectMapping: 0.050800 ms MarkObjects: 1.226100 ms  DeleteObjects: 0.040900 ms)

========================================================================
Received Import Request.
  Time since last request: 204.887190 seconds.
  path: Assets/Art
  artifactKey: Guid(a9eec65daef945147aa0fff6ea680ca5) Importer(815301076,1909f56bfc062723c751e8b465ee728b)
Start importing Assets/Art using Guid(a9eec65daef945147aa0fff6ea680ca5) Importer(815301076,1909f56bfc062723c751e8b465ee728b)  -> (artifact id: '1a6982973ba880215b299b0b0ef87fb4') in 0.006873 seconds
  Import took 0.008710 seconds .

========================================================================
Received Import Request.
  Time since last request: 3.343092 seconds.
  path: Assets/Art/Character_0.controller
  artifactKey: Guid(78f49615ad29cef4da06b4766cfc3768) Importer(815301076,1909f56bfc062723c751e8b465ee728b)
Start importing Assets/Art/Character_0.controller using Guid(78f49615ad29cef4da06b4766cfc3768) Importer(815301076,1909f56bfc062723c751e8b465ee728b)  -> (artifact id: '56f7007218e5085f296097db0a53036b') in 0.013503 seconds
  Import took 0.015382 seconds .

========================================================================
Received Import Request.
  Time since last request: 3.582796 seconds.
  path: Assets/Art/correr.anim
  artifactKey: Guid(bce68f588928f6a4f83c540182b31697) Importer(815301076,1909f56bfc062723c751e8b465ee728b)
Start importing Assets/Art/correr.anim using Guid(bce68f588928f6a4f83c540182b31697) Importer(815301076,1909f56bfc062723c751e8b465ee728b)  -> (artifact id: '9b47f9bdf05ee3d1ae538be93e600bba') in 0.007240 seconds
  Import took 0.008982 seconds .

========================================================================
Received Import Request.
  Time since last request: 0.002212 seconds.
  path: Assets/Art/correr.anim
  artifactKey: Guid(bce68f588928f6a4f83c540182b31697) Importer(815301076,1909f56bfc062723c751e8b465ee728b)
Start importing Assets/Art/correr.anim using Guid(bce68f588928f6a4f83c540182b31697) Importer(815301076,1909f56bfc062723c751e8b465ee728b)  -> (artifact id: '9b47f9bdf05ee3d1ae538be93e600bba') in 0.001938 seconds
  Import took 0.003909 seconds .

========================================================================
Received Import Request.
  Time since last request: 0.780000 seconds.
  path: Assets/Art/saltar.anim
  artifactKey: Guid(91feee9d835cc854c99fe5006ab68630) Importer(815301076,1909f56bfc062723c751e8b465ee728b)
Start importing Assets/Art/saltar.anim using Guid(91feee9d835cc854c99fe5006ab68630) Importer(815301076,1909f56bfc062723c751e8b465ee728b)  -> (artifact id: '69675cddb569706dbb198112808a55cc') in 0.005525 seconds
  Import took 0.007313 seconds .

========================================================================
Received Import Request.
  Time since last request: 14.424838 seconds.
  path: Assets
  artifactKey: Guid(00000000000000001000000000000000) Importer(815301076,1909f56bfc062723c751e8b465ee728b)
Start importing Assets using Guid(00000000000000001000000000000000) Importer(815301076,1909f56bfc062723c751e8b465ee728b)  -> (artifact id: 'a6374019befeac6ce670f13ba9960efb') in 0.005069 seconds
  Import took 0.006971 seconds .

========================================================================
Received Import Request.
  Time since last request: 9.426043 seconds.
  path: Assets/animaciones
  artifactKey: Guid(bbc961b2b43361a458269624e2c67f4a) Importer(815301076,1909f56bfc062723c751e8b465ee728b)
Start importing Assets/animaciones using Guid(bbc961b2b43361a458269624e2c67f4a) Importer(815301076,1909f56bfc062723c751e8b465ee728b)  -> (artifact id: '32044baa547f5d57ada8c9d82c9565c7') in 0.004849 seconds
  Import took 0.006699 seconds .

========================================================================
Received Import Request.
  Time since last request: 24.010842 seconds.
  path: Assets/Art/Platforms.png
  artifactKey: Guid(df15890ee2c957f4f847dba86acd0e24) Importer(815301076,1909f56bfc062723c751e8b465ee728b)
Start importing Assets/Art/Platforms.png using Guid(df15890ee2c957f4f847dba86acd0e24) Importer(815301076,1909f56bfc062723c751e8b465ee728b)  -> (artifact id: 'e71573b16d494215f3c4178daec3bc83') in 0.046901 seconds
  Import took 0.048667 seconds .

========================================================================
Received Import Request.
  Time since last request: 15.452745 seconds.
  path: Assets/Art/Platforms.png
  artifactKey: Guid(df15890ee2c957f4f847dba86acd0e24) Importer(815301076,1909f56bfc062723c751e8b465ee728b)
Start importing Assets/Art/Platforms.png using Guid(df15890ee2c957f4f847dba86acd0e24) Importer(815301076,1909f56bfc062723c751e8b465ee728b)  -> (artifact id: '550b0e663575f84bfe2745b14e9b219d') in 0.020788 seconds
  Import took 0.022766 seconds .

========================================================================
Received Import Request.
  Time since last request: 11.640975 seconds.
  path: Assets/Art/Platforms.png
  artifactKey: Guid(df15890ee2c957f4f847dba86acd0e24) Importer(815301076,1909f56bfc062723c751e8b465ee728b)
Start importing Assets/Art/Platforms.png using Guid(df15890ee2c957f4f847dba86acd0e24) Importer(815301076,1909f56bfc062723c751e8b465ee728b)  -> (artifact id: '5d61be975835341ad3bc315148f6c491') in 0.054928 seconds
  Import took 0.056753 seconds .

========================================================================
Received Import Request.
  Time since last request: 381.254647 seconds.
  path: Assets/scripts
  artifactKey: Guid(edd06a35f6bfa0f458c126ac6fbcee9e) Importer(815301076,1909f56bfc062723c751e8b465ee728b)
Start importing Assets/scripts using Guid(edd06a35f6bfa0f458c126ac6fbcee9e) Importer(815301076,1909f56bfc062723c751e8b465ee728b)  -> (artifact id: 'e8afff63407aa3e26043405d184d6e07') in 0.004971 seconds
  Import took 0.007042 seconds .

========================================================================
Received Import Request.
  Time since last request: 0.000737 seconds.
  path: Assets/scripts
  artifactKey: Guid(edd06a35f6bfa0f458c126ac6fbcee9e) Importer(815301076,1909f56bfc062723c751e8b465ee728b)
Start importing Assets/scripts using Guid(edd06a35f6bfa0f458c126ac6fbcee9e) Importer(815301076,1909f56bfc062723c751e8b465ee728b)  -> (artifact id: 'e8afff63407aa3e26043405d184d6e07') in 0.001453 seconds
  Import took 0.003129 seconds .

========================================================================
Received Prepare
Registering precompiled user dll's ...
Registered in 0.000440 seconds.
Begin MonoManager ReloadAssembly
Native extension for WindowsStandalone target not found
Refreshing native plugins compatible for Editor in 0.19 ms, found 0 plugins.
Preloading 0 native plugins for Editor in 0.00 ms.
Invoked RoslynAnalysisRunner static constructor.
RoslynAnalysisRunner will not be running.
RoslynAnalysisRunner has terminated.
Mono: successfully reloaded assembly
- Completed reload, in  0.652 seconds
Platform modules already initialized, skipping
Refreshing native plugins compatible for Editor in 0.18 ms, found 0 plugins.
Preloading 0 native plugins for Editor in 0.00 ms.
Unloading 1143 Unused Serialized files (Serialized files now loaded: 0)
System memory in use before: 61.6 MB.
System memory in use after: 61.6 MB.

Unloading 5 unused Assets to reduce memory usage. Loaded Objects now: 1709.
Total: 1.373500 ms (FindLiveObjects: 0.124600 ms CreateObjectMapping: 0.032000 ms MarkObjects: 1.180600 ms  DeleteObjects: 0.035500 ms)

========================================================================
Received Prepare
Registering precompiled user dll's ...
Registered in 0.000487 seconds.
Begin MonoManager ReloadAssembly
Native extension for WindowsStandalone target not found
Refreshing native plugins compatible for Editor in 0.21 ms, found 0 plugins.
Preloading 0 native plugins for Editor in 0.00 ms.
Invoked RoslynAnalysisRunner static constructor.
RoslynAnalysisRunner will not be running.
RoslynAnalysisRunner has terminated.
Mono: successfully reloaded assembly
- Completed reload, in  0.661 seconds
Platform modules already initialized, skipping
Refreshing native plugins compatible for Editor in 0.22 ms, found 0 plugins.
Preloading 0 native plugins for Editor in 0.00 ms.
Unloading 1143 Unused Serialized files (Serialized files now loaded: 0)
System memory in use before: 61.6 MB.
System memory in use after: 61.6 MB.

Unloading 5 unused Assets to reduce memory usage. Loaded Objects now: 1712.
Total: 1.687500 ms (FindLiveObjects: 0.190100 ms CreateObjectMapping: 0.049100 ms MarkObjects: 1.395700 ms  DeleteObjects: 0.051600 ms)

========================================================================
Received Import Request.
  Time since last request: 2366.435255 seconds.
  path: Assets/prefab
  artifactKey: Guid(d3928874e8bd9c946a1809b3acd9e2b4) Importer(815301076,1909f56bfc062723c751e8b465ee728b)
Start importing Assets/prefab using Guid(d3928874e8bd9c946a1809b3acd9e2b4) Importer(815301076,1909f56bfc062723c751e8b465ee728b)  -> (artifact id: '87dc95fd79fd68e384a0767c9fd3cba8') in 0.008162 seconds
  Import took 0.010358 seconds .

========================================================================
Received Import Request.
  Time since last request: 1346.133620 seconds.
  path: Assets/animaciones/Character_0.controller
  artifactKey: Guid(78f49615ad29cef4da06b4766cfc3768) Importer(815301076,1909f56bfc062723c751e8b465ee728b)
Start importing Assets/animaciones/Character_0.controller using Guid(78f49615ad29cef4da06b4766cfc3768) Importer(815301076,1909f56bfc062723c751e8b465ee728b)  -> (artifact id: 'd8207a123765c60b172370b3dd26cce6') in 0.013827 seconds
  Import took 0.016098 seconds .

========================================================================
Received Import Request.
  Time since last request: 431.686982 seconds.
  path: Assets/scripts/AnubisMove.cs
  artifactKey: Guid(976ddcfb6843b7149a011ad2f2bc3498) Importer(815301076,1909f56bfc062723c751e8b465ee728b)
Start importing Assets/scripts/AnubisMove.cs using Guid(976ddcfb6843b7149a011ad2f2bc3498) Importer(815301076,1909f56bfc062723c751e8b465ee728b)  -> (artifact id: '5d44378f0e69f7547c52d38dde386cc4') in 0.015404 seconds
  Import took 0.017480 seconds .

========================================================================
Received Prepare
Registering precompiled user dll's ...
Registered in 0.000489 seconds.
Begin MonoManager ReloadAssembly
Native extension for WindowsStandalone target not found
Refreshing native plugins compatible for Editor in 0.20 ms, found 0 plugins.
Preloading 0 native plugins for Editor in 0.00 ms.
Invoked RoslynAnalysisRunner static constructor.
RoslynAnalysisRunner will not be running.
RoslynAnalysisRunner has terminated.
Mono: successfully reloaded assembly
- Completed reload, in  0.664 seconds
Platform modules already initialized, skipping
Refreshing native plugins compatible for Editor in 0.19 ms, found 0 plugins.
Preloading 0 native plugins for Editor in 0.00 ms.
Unloading 1143 Unused Serialized files (Serialized files now loaded: 0)
System memory in use before: 61.6 MB.
System memory in use after: 61.7 MB.

Unloading 5 unused Assets to reduce memory usage. Loaded Objects now: 1715.
Total: 1.634400 ms (FindLiveObjects: 0.151600 ms CreateObjectMapping: 0.035900 ms MarkObjects: 1.403300 ms  DeleteObjects: 0.042500 ms)

========================================================================
Received Prepare
Registering precompiled user dll's ...
Registered in 0.000525 seconds.
Begin MonoManager ReloadAssembly
Native extension for WindowsStandalone target not found
Refreshing native plugins compatible for Editor in 0.21 ms, found 0 plugins.
Preloading 0 native plugins for Editor in 0.00 ms.
Invoked RoslynAnalysisRunner static constructor.
RoslynAnalysisRunner will not be running.
RoslynAnalysisRunner has terminated.
Mono: successfully reloaded assembly
- Completed reload, in  0.649 seconds
Platform modules already initialized, skipping
Refreshing native plugins compatible for Editor in 0.19 ms, found 0 plugins.
Preloading 0 native plugins for Editor in 0.00 ms.
Unloading 1143 Unused Serialized files (Serialized files now loaded: 0)
System memory in use before: 61.6 MB.
System memory in use after: 61.7 MB.

Unloading 5 unused Assets to reduce memory usage. Loaded Objects now: 1718.
Total: 1.668600 ms (FindLiveObjects: 0.221300 ms CreateObjectMapping: 0.069400 ms MarkObjects: 1.331300 ms  DeleteObjects: 0.045500 ms)

========================================================================
Received Prepare
Registering precompiled user dll's ...
Registered in 0.000609 seconds.
Begin MonoManager ReloadAssembly
Native extension for WindowsStandalone target not found
Refreshing native plugins compatible for Editor in 0.19 ms, found 0 plugins.
Preloading 0 native plugins for Editor in 0.00 ms.
Invoked RoslynAnalysisRunner static constructor.
RoslynAnalysisRunner will not be running.
RoslynAnalysisRunner has terminated.
Mono: successfully reloaded assembly
- Completed reload, in  0.664 seconds
Platform modules already initialized, skipping
Refreshing native plugins compatible for Editor in 0.21 ms, found 0 plugins.
Preloading 0 native plugins for Editor in 0.00 ms.
Unloading 1143 Unused Serialized files (Serialized files now loaded: 0)
System memory in use before: 61.6 MB.
System memory in use after: 61.7 MB.

Unloading 5 unused Assets to reduce memory usage. Loaded Objects now: 1721.
Total: 1.474800 ms (FindLiveObjects: 0.136300 ms CreateObjectMapping: 0.032600 ms MarkObjects: 1.264300 ms  DeleteObjects: 0.040800 ms)

========================================================================
Received Import Request.
  Time since last request: 1215.463922 seconds.
  path: Assets/scripts/AnubisMove.cs
  artifactKey: Guid(976ddcfb6843b7149a011ad2f2bc3498) Importer(815301076,1909f56bfc062723c751e8b465ee728b)
Start importing Assets/scripts/AnubisMove.cs using Guid(976ddcfb6843b7149a011ad2f2bc3498) Importer(815301076,1909f56bfc062723c751e8b465ee728b)  -> (artifact id: '9fe44dc08cbbf6fc5e4e973662950550') in 0.003168 seconds
  Import took 0.004782 seconds .

========================================================================
Received Prepare
Registering precompiled user dll's ...
Registered in 0.000519 seconds.
Begin MonoManager ReloadAssembly
Native extension for WindowsStandalone target not found
Refreshing native plugins compatible for Editor in 0.20 ms, found 0 plugins.
Preloading 0 native plugins for Editor in 0.00 ms.
Invoked RoslynAnalysisRunner static constructor.
RoslynAnalysisRunner will not be running.
RoslynAnalysisRunner has terminated.
Mono: successfully reloaded assembly
- Completed reload, in  0.653 seconds
Platform modules already initialized, skipping
Refreshing native plugins compatible for Editor in 0.19 ms, found 0 plugins.
Preloading 0 native plugins for Editor in 0.00 ms.
Unloading 1143 Unused Serialized files (Serialized files now loaded: 0)
System memory in use before: 61.6 MB.
System memory in use after: 61.7 MB.

Unloading 5 unused Assets to reduce memory usage. Loaded Objects now: 1724.
Total: 1.443200 ms (FindLiveObjects: 0.137000 ms CreateObjectMapping: 0.034100 ms MarkObjects: 1.235400 ms  DeleteObjects: 0.036000 ms)

========================================================================
Received Import Request.
  Time since last request: 199.113854 seconds.
  path: Assets/scripts/AnubisMove.cs
  artifactKey: Guid(976ddcfb6843b7149a011ad2f2bc3498) Importer(815301076,1909f56bfc062723c751e8b465ee728b)
Start importing Assets/scripts/AnubisMove.cs using Guid(976ddcfb6843b7149a011ad2f2bc3498) Importer(815301076,1909f56bfc062723c751e8b465ee728b)  -> (artifact id: '10266b5eda9444e382b23257540cf245') in 0.003199 seconds
  Import took 0.004886 seconds .

========================================================================
Received Prepare
Registering precompiled user dll's ...
Registered in 0.000488 seconds.
Begin MonoManager ReloadAssembly
Native extension for WindowsStandalone target not found
Refreshing native plugins compatible for Editor in 0.19 ms, found 0 plugins.
Preloading 0 native plugins for Editor in 0.00 ms.
Invoked RoslynAnalysisRunner static constructor.
RoslynAnalysisRunner will not be running.
RoslynAnalysisRunner has terminated.
Mono: successfully reloaded assembly
- Completed reload, in  0.644 seconds
Platform modules already initialized, skipping
Refreshing native plugins compatible for Editor in 0.19 ms, found 0 plugins.
Preloading 0 native plugins for Editor in 0.00 ms.
Unloading 1143 Unused Serialized files (Serialized files now loaded: 0)
System memory in use before: 61.6 MB.
System memory in use after: 61.7 MB.

Unloading 5 unused Assets to reduce memory usage. Loaded Objects now: 1727.
Total: 1.373300 ms (FindLiveObjects: 0.136600 ms CreateObjectMapping: 0.033200 ms MarkObjects: 1.165800 ms  DeleteObjects: 0.037100 ms)

========================================================================
Received Import Request.
  Time since last request: 162.647487 seconds.
  path: Assets/scripts/AnubisMove.cs
  artifactKey: Guid(976ddcfb6843b7149a011ad2f2bc3498) Importer(815301076,1909f56bfc062723c751e8b465ee728b)
Start importing Assets/scripts/AnubisMove.cs using Guid(976ddcfb6843b7149a011ad2f2bc3498) Importer(815301076,1909f56bfc062723c751e8b465ee728b)  -> (artifact id: 'c7005ef72dc5a2590f8eb9e754f3ce9e') in 0.003160 seconds
  Import took 0.004767 seconds .

========================================================================
Received Prepare
Registering precompiled user dll's ...
Registered in 0.000657 seconds.
Begin MonoManager ReloadAssembly
Native extension for WindowsStandalone target not found
Refreshing native plugins compatible for Editor in 0.19 ms, found 0 plugins.
Preloading 0 native plugins for Editor in 0.00 ms.
Invoked RoslynAnalysisRunner static constructor.
RoslynAnalysisRunner will not be running.
RoslynAnalysisRunner has terminated.
Mono: successfully reloaded assembly
- Completed reload, in  0.648 seconds
Platform modules already initialized, skipping
Refreshing native plugins compatible for Editor in 0.20 ms, found 0 plugins.
Preloading 0 native plugins for Editor in 0.00 ms.
Unloading 1143 Unused Serialized files (Serialized files now loaded: 0)
System memory in use before: 61.6 MB.
System memory in use after: 61.7 MB.

Unloading 5 unused Assets to reduce memory usage. Loaded Objects now: 1730.
Total: 1.387200 ms (FindLiveObjects: 0.138000 ms CreateObjectMapping: 0.033400 ms MarkObjects: 1.178200 ms  DeleteObjects: 0.036900 ms)

========================================================================
Received Prepare
Registering precompiled user dll's ...
Registered in 0.000518 seconds.
Begin MonoManager ReloadAssembly
Native extension for WindowsStandalone target not found
Refreshing native plugins compatible for Editor in 0.19 ms, found 0 plugins.
Preloading 0 native plugins for Editor in 0.00 ms.
Invoked RoslynAnalysisRunner static constructor.
RoslynAnalysisRunner will not be running.
RoslynAnalysisRunner has terminated.
Mono: successfully reloaded assembly
- Completed reload, in  0.657 seconds
Platform modules already initialized, skipping
Refreshing native plugins compatible for Editor in 0.19 ms, found 0 plugins.
Preloading 0 native plugins for Editor in 0.00 ms.
Unloading 1143 Unused Serialized files (Serialized files now loaded: 0)
System memory in use before: 61.6 MB.
System memory in use after: 61.7 MB.

Unloading 5 unused Assets to reduce memory usage. Loaded Objects now: 1733.
Total: 1.555300 ms (FindLiveObjects: 0.137100 ms CreateObjectMapping: 0.031700 ms MarkObjects: 1.346200 ms  DeleteObjects: 0.039400 ms)

========================================================================
Received Prepare
Registering precompiled user dll's ...
Registered in 0.000484 seconds.
Begin MonoManager ReloadAssembly
Native extension for WindowsStandalone target not found
Refreshing native plugins compatible for Editor in 0.19 ms, found 0 plugins.
Preloading 0 native plugins for Editor in 0.00 ms.
Invoked RoslynAnalysisRunner static constructor.
RoslynAnalysisRunner will not be running.
RoslynAnalysisRunner has terminated.
Mono: successfully reloaded assembly
- Completed reload, in  0.651 seconds
Platform modules already initialized, skipping
Refreshing native plugins compatible for Editor in 0.19 ms, found 0 plugins.
Preloading 0 native plugins for Editor in 0.00 ms.
Unloading 1143 Unused Serialized files (Serialized files now loaded: 0)
System memory in use before: 61.6 MB.
System memory in use after: 61.7 MB.

Unloading 5 unused Assets to reduce memory usage. Loaded Objects now: 1736.
Total: 1.401300 ms (FindLiveObjects: 0.128400 ms CreateObjectMapping: 0.035300 ms MarkObjects: 1.200300 ms  DeleteObjects: 0.036600 ms)

========================================================================
Received Prepare
Registering precompiled user dll's ...
Registered in 0.000541 seconds.
Begin MonoManager ReloadAssembly
Native extension for WindowsStandalone target not found
Refreshing native plugins compatible for Editor in 0.19 ms, found 0 plugins.
Preloading 0 native plugins for Editor in 0.00 ms.
Invoked RoslynAnalysisRunner static constructor.
RoslynAnalysisRunner will not be running.
RoslynAnalysisRunner has terminated.
Mono: successfully reloaded assembly
- Completed reload, in  0.641 seconds
Platform modules already initialized, skipping
Refreshing native plugins compatible for Editor in 0.19 ms, found 0 plugins.
Preloading 0 native plugins for Editor in 0.00 ms.
Unloading 1143 Unused Serialized files (Serialized files now loaded: 0)
System memory in use before: 61.6 MB.
System memory in use after: 61.7 MB.

Unloading 5 unused Assets to reduce memory usage. Loaded Objects now: 1739.
Total: 1.471100 ms (FindLiveObjects: 0.145400 ms CreateObjectMapping: 0.037200 ms MarkObjects: 1.249200 ms  DeleteObjects: 0.038400 ms)

========================================================================
Received Import Request.
  Time since last request: 3680.288813 seconds.
  path: Assets/Art/Backdrop.png
  artifactKey: Guid(0f9d6bb243d9dcd458416e646c39ae50) Importer(815301076,1909f56bfc062723c751e8b465ee728b)
Start importing Assets/Art/Backdrop.png using Guid(0f9d6bb243d9dcd458416e646c39ae50) Importer(815301076,1909f56bfc062723c751e8b465ee728b)  -> (artifact id: '1e9e18cd45af29fa74358f5c00c59fa1') in 0.059358 seconds
  Import took 0.062242 seconds .

========================================================================
Received Import Request.
  Time since last request: 0.015561 seconds.
  path: Assets/Art/Backdrop.png
  artifactKey: Guid(0f9d6bb243d9dcd458416e646c39ae50) Importer(815301076,1909f56bfc062723c751e8b465ee728b)
Start importing Assets/Art/Backdrop.png using Guid(0f9d6bb243d9dcd458416e646c39ae50) Importer(815301076,1909f56bfc062723c751e8b465ee728b)  -> (artifact id: '1e9e18cd45af29fa74358f5c00c59fa1') in 0.021635 seconds
  Import took 0.023419 seconds .

========================================================================
Received Import Request.
  Time since last request: 25.619613 seconds.
  path: Assets/Art/Backdrop.png
  artifactKey: Guid(0f9d6bb243d9dcd458416e646c39ae50) Importer(815301076,1909f56bfc062723c751e8b465ee728b)
Start importing Assets/Art/Backdrop.png using Guid(0f9d6bb243d9dcd458416e646c39ae50) Importer(815301076,1909f56bfc062723c751e8b465ee728b)  -> (artifact id: '7fc90de68c8ef34d92986d8b8c0a89b0') in 0.048540 seconds
  Import took 0.050323 seconds .

========================================================================
Received Prepare
Registering precompiled user dll's ...
Registered in 0.000528 seconds.
Begin MonoManager ReloadAssembly
Native extension for WindowsStandalone target not found
Refreshing native plugins compatible for Editor in 0.20 ms, found 0 plugins.
Preloading 0 native plugins for Editor in 0.00 ms.
Invoked RoslynAnalysisRunner static constructor.
RoslynAnalysisRunner will not be running.
RoslynAnalysisRunner has terminated.
Mono: successfully reloaded assembly
- Completed reload, in  0.647 seconds
Platform modules already initialized, skipping
Refreshing native plugins compatible for Editor in 0.21 ms, found 0 plugins.
Preloading 0 native plugins for Editor in 0.00 ms.
Unloading 1143 Unused Serialized files (Serialized files now loaded: 0)
System memory in use before: 61.6 MB.
System memory in use after: 61.7 MB.

Unloading 5 unused Assets to reduce memory usage. Loaded Objects now: 1745.
Total: 1.473500 ms (FindLiveObjects: 0.139700 ms CreateObjectMapping: 0.031000 ms MarkObjects: 1.261000 ms  DeleteObjects: 0.041100 ms)

========================================================================
Received Import Request.
  Time since last request: 1732.007623 seconds.
  path: Assets/Ani/Character_0.controller
  artifactKey: Guid(78f49615ad29cef4da06b4766cfc3768) Importer(815301076,1909f56bfc062723c751e8b465ee728b)
Start importing Assets/Ani/Character_0.controller using Guid(78f49615ad29cef4da06b4766cfc3768) Importer(815301076,1909f56bfc062723c751e8b465ee728b)  -> (artifact id: 'bc829079a3d8b757eeb21adb4ee2d01b') in 0.011365 seconds
  Import took 0.013236 seconds .

========================================================================
Received Import Request.
  Time since last request: 1.601588 seconds.
  path: Assets/Ani/Character_0.controller
  artifactKey: Guid(78f49615ad29cef4da06b4766cfc3768) Importer(815301076,1909f56bfc062723c751e8b465ee728b)
Start importing Assets/Ani/Character_0.controller using Guid(78f49615ad29cef4da06b4766cfc3768) Importer(815301076,1909f56bfc062723c751e8b465ee728b)  -> (artifact id: '76abf416229b24095772f9d162b1d4ef') in 0.002777 seconds
  Import took 0.004625 seconds .

========================================================================
Received Prepare
Registering precompiled user dll's ...
Registered in 0.000468 seconds.
Begin MonoManager ReloadAssembly
Native extension for WindowsStandalone target not found
Refreshing native plugins compatible for Editor in 0.20 ms, found 0 plugins.
Preloading 0 native plugins for Editor in 0.00 ms.
Invoked RoslynAnalysisRunner static constructor.
RoslynAnalysisRunner will not be running.
RoslynAnalysisRunner has terminated.
Mono: successfully reloaded assembly
- Completed reload, in  0.652 seconds
Platform modules already initialized, skipping
Refreshing native plugins compatible for Editor in 0.19 ms, found 0 plugins.
Preloading 0 native plugins for Editor in 0.00 ms.
Unloading 1143 Unused Serialized files (Serialized files now loaded: 0)
System memory in use before: 61.7 MB.
System memory in use after: 61.7 MB.

Unloading 5 unused Assets to reduce memory usage. Loaded Objects now: 1748.
Total: 1.600000 ms (FindLiveObjects: 0.177200 ms CreateObjectMapping: 0.036200 ms MarkObjects: 1.335200 ms  DeleteObjects: 0.050100 ms)

========================================================================
Received Prepare
Registering precompiled user dll's ...
Registered in 0.000478 seconds.
Begin MonoManager ReloadAssembly
Native extension for WindowsStandalone target not found
Refreshing native plugins compatible for Editor in 0.19 ms, found 0 plugins.
Preloading 0 native plugins for Editor in 0.00 ms.
Invoked RoslynAnalysisRunner static constructor.
RoslynAnalysisRunner will not be running.
RoslynAnalysisRunner has terminated.
Mono: successfully reloaded assembly
- Completed reload, in  0.647 seconds
Platform modules already initialized, skipping
Refreshing native plugins compatible for Editor in 0.19 ms, found 0 plugins.
Preloading 0 native plugins for Editor in 0.00 ms.
Unloading 1143 Unused Serialized files (Serialized files now loaded: 0)
System memory in use before: 61.7 MB.
System memory in use after: 61.7 MB.

Unloading 5 unused Assets to reduce memory usage. Loaded Objects now: 1751.
Total: 1.831000 ms (FindLiveObjects: 0.248300 ms CreateObjectMapping: 0.070600 ms MarkObjects: 1.460000 ms  DeleteObjects: 0.050900 ms)

========================================================================
Received Prepare
Registering precompiled user dll's ...
Registered in 0.000475 seconds.
Begin MonoManager ReloadAssembly
Native extension for WindowsStandalone target not found
Refreshing native plugins compatible for Editor in 0.19 ms, found 0 plugins.
Preloading 0 native plugins for Editor in 0.00 ms.
Invoked RoslynAnalysisRunner static constructor.
RoslynAnalysisRunner will not be running.
RoslynAnalysisRunner has terminated.
Mono: successfully reloaded assembly
- Completed reload, in  0.656 seconds
Platform modules already initialized, skipping
Refreshing native plugins compatible for Editor in 0.20 ms, found 0 plugins.
Preloading 0 native plugins for Editor in 0.00 ms.
Unloading 1143 Unused Serialized files (Serialized files now loaded: 0)
System memory in use before: 61.7 MB.
System memory in use after: 61.7 MB.

Unloading 5 unused Assets to reduce memory usage. Loaded Objects now: 1754.
Total: 1.426000 ms (FindLiveObjects: 0.139100 ms CreateObjectMapping: 0.033900 ms MarkObjects: 1.214700 ms  DeleteObjects: 0.037700 ms)

========================================================================
Received Prepare
Registering precompiled user dll's ...
Registered in 0.000447 seconds.
Begin MonoManager ReloadAssembly
Native extension for WindowsStandalone target not found
Refreshing native plugins compatible for Editor in 0.19 ms, found 0 plugins.
Preloading 0 native plugins for Editor in 0.00 ms.
Invoked RoslynAnalysisRunner static constructor.
RoslynAnalysisRunner will not be running.
RoslynAnalysisRunner has terminated.
Mono: successfully reloaded assembly
- Completed reload, in  0.648 seconds
Platform modules already initialized, skipping
Refreshing native plugins compatible for Editor in 0.19 ms, found 0 plugins.
Preloading 0 native plugins for Editor in 0.00 ms.
Unloading 1143 Unused Serialized files (Serialized files now loaded: 0)
System memory in use before: 61.7 MB.
System memory in use after: 61.7 MB.

Unloading 5 unused Assets to reduce memory usage. Loaded Objects now: 1757.
Total: 1.478900 ms (FindLiveObjects: 0.169200 ms CreateObjectMapping: 0.038400 ms MarkObjects: 1.209900 ms  DeleteObjects: 0.060700 ms)

========================================================================
Received Prepare
Registering precompiled user dll's ...
Registered in 0.000457 seconds.
Begin MonoManager ReloadAssembly
Native extension for WindowsStandalone target not found
Refreshing native plugins compatible for Editor in 0.19 ms, found 0 plugins.
Preloading 0 native plugins for Editor in 0.00 ms.
Invoked RoslynAnalysisRunner static constructor.
RoslynAnalysisRunner will not be running.
RoslynAnalysisRunner has terminated.
Mono: successfully reloaded assembly
- Completed reload, in  0.647 seconds
Platform modules already initialized, skipping
Refreshing native plugins compatible for Editor in 0.20 ms, found 0 plugins.
Preloading 0 native plugins for Editor in 0.00 ms.
Unloading 1143 Unused Serialized files (Serialized files now loaded: 0)
System memory in use before: 61.7 MB.
System memory in use after: 61.8 MB.

Unloading 5 unused Assets to reduce memory usage. Loaded Objects now: 1760.
Total: 1.444200 ms (FindLiveObjects: 0.136200 ms CreateObjectMapping: 0.033800 ms MarkObjects: 1.232600 ms  DeleteObjects: 0.040800 ms)

========================================================================
Received Prepare
Registering precompiled user dll's ...
Registered in 0.000515 seconds.
Begin MonoManager ReloadAssembly
Native extension for WindowsStandalone target not found
Refreshing native plugins compatible for Editor in 0.19 ms, found 0 plugins.
Preloading 0 native plugins for Editor in 0.00 ms.
Invoked RoslynAnalysisRunner static constructor.
RoslynAnalysisRunner will not be running.
RoslynAnalysisRunner has terminated.
Mono: successfully reloaded assembly
- Completed reload, in  0.648 seconds
Platform modules already initialized, skipping
Refreshing native plugins compatible for Editor in 0.19 ms, found 0 plugins.
Preloading 0 native plugins for Editor in 0.00 ms.
Unloading 1143 Unused Serialized files (Serialized files now loaded: 0)
System memory in use before: 61.6 MB.
System memory in use after: 61.7 MB.

Unloading 5 unused Assets to reduce memory usage. Loaded Objects now: 1763.
Total: 1.362500 ms (FindLiveObjects: 0.131300 ms CreateObjectMapping: 0.034000 ms MarkObjects: 1.158100 ms  DeleteObjects: 0.038400 ms)

========================================================================
Received Prepare
Registering precompiled user dll's ...
Registered in 0.000482 seconds.
Begin MonoManager ReloadAssembly
Native extension for WindowsStandalone target not found
Refreshing native plugins compatible for Editor in 0.19 ms, found 0 plugins.
Preloading 0 native plugins for Editor in 0.00 ms.
Invoked RoslynAnalysisRunner static constructor.
RoslynAnalysisRunner will not be running.
RoslynAnalysisRunner has terminated.
Mono: successfully reloaded assembly
- Completed reload, in  0.653 seconds
Platform modules already initialized, skipping
Refreshing native plugins compatible for Editor in 0.18 ms, found 0 plugins.
Preloading 0 native plugins for Editor in 0.00 ms.
Unloading 1143 Unused Serialized files (Serialized files now loaded: 0)
System memory in use before: 61.7 MB.
System memory in use after: 61.7 MB.

Unloading 5 unused Assets to reduce memory usage. Loaded Objects now: 1766.
Total: 1.512200 ms (FindLiveObjects: 0.141000 ms CreateObjectMapping: 0.034600 ms MarkObjects: 1.296800 ms  DeleteObjects: 0.038600 ms)

========================================================================
Received Prepare
Registering precompiled user dll's ...
Registered in 0.000522 seconds.
Begin MonoManager ReloadAssembly
Native extension for WindowsStandalone target not found
Refreshing native plugins compatible for Editor in 0.20 ms, found 0 plugins.
Preloading 0 native plugins for Editor in 0.00 ms.
Invoked RoslynAnalysisRunner static constructor.
RoslynAnalysisRunner will not be running.
RoslynAnalysisRunner has terminated.
Mono: successfully reloaded assembly
- Completed reload, in  0.672 seconds
Platform modules already initialized, skipping
Refreshing native plugins compatible for Editor in 0.19 ms, found 0 plugins.
Preloading 0 native plugins for Editor in 0.00 ms.
Unloading 1143 Unused Serialized files (Serialized files now loaded: 0)
System memory in use before: 61.7 MB.
System memory in use after: 61.7 MB.

Unloading 5 unused Assets to reduce memory usage. Loaded Objects now: 1769.
Total: 1.442900 ms (FindLiveObjects: 0.143100 ms CreateObjectMapping: 0.032300 ms MarkObjects: 1.228700 ms  DeleteObjects: 0.038000 ms)

========================================================================
Received Prepare
Registering precompiled user dll's ...
Registered in 0.000431 seconds.
Begin MonoManager ReloadAssembly
Native extension for WindowsStandalone target not found
Refreshing native plugins compatible for Editor in 0.19 ms, found 0 plugins.
Preloading 0 native plugins for Editor in 0.00 ms.
Invoked RoslynAnalysisRunner static constructor.
RoslynAnalysisRunner will not be running.
RoslynAnalysisRunner has terminated.
Mono: successfully reloaded assembly
- Completed reload, in  0.659 seconds
Platform modules already initialized, skipping
Refreshing native plugins compatible for Editor in 0.19 ms, found 0 plugins.
Preloading 0 native plugins for Editor in 0.00 ms.
Unloading 1143 Unused Serialized files (Serialized files now loaded: 0)
System memory in use before: 61.7 MB.
System memory in use after: 61.7 MB.

Unloading 5 unused Assets to reduce memory usage. Loaded Objects now: 1772.
Total: 1.547700 ms (FindLiveObjects: 0.144700 ms CreateObjectMapping: 0.031400 ms MarkObjects: 1.308500 ms  DeleteObjects: 0.062200 ms)

========================================================================
Received Prepare
Registering precompiled user dll's ...
Registered in 0.000521 seconds.
Begin MonoManager ReloadAssembly
Native extension for WindowsStandalone target not found
Refreshing native plugins compatible for Editor in 0.20 ms, found 0 plugins.
Preloading 0 native plugins for Editor in 0.00 ms.
Invoked RoslynAnalysisRunner static constructor.
RoslynAnalysisRunner will not be running.
RoslynAnalysisRunner has terminated.
Mono: successfully reloaded assembly
- Completed reload, in  0.649 seconds
Platform modules already initialized, skipping
Refreshing native plugins compatible for Editor in 0.19 ms, found 0 plugins.
Preloading 0 native plugins for Editor in 0.00 ms.
Unloading 1143 Unused Serialized files (Serialized files now loaded: 0)
System memory in use before: 61.7 MB.
System memory in use after: 61.8 MB.

Unloading 5 unused Assets to reduce memory usage. Loaded Objects now: 1775.
Total: 1.637700 ms (FindLiveObjects: 0.150900 ms CreateObjectMapping: 0.038600 ms MarkObjects: 1.405200 ms  DeleteObjects: 0.042100 ms)

========================================================================
Received Prepare
Registering precompiled user dll's ...
Registered in 0.000508 seconds.
Begin MonoManager ReloadAssembly
Native extension for WindowsStandalone target not found
Refreshing native plugins compatible for Editor in 0.19 ms, found 0 plugins.
Preloading 0 native plugins for Editor in 0.00 ms.
Invoked RoslynAnalysisRunner static constructor.
RoslynAnalysisRunner will not be running.
RoslynAnalysisRunner has terminated.
Mono: successfully reloaded assembly
- Completed reload, in  0.648 seconds
Platform modules already initialized, skipping
Refreshing native plugins compatible for Editor in 0.19 ms, found 0 plugins.
Preloading 0 native plugins for Editor in 0.00 ms.
Unloading 1143 Unused Serialized files (Serialized files now loaded: 0)
System memory in use before: 61.7 MB.
System memory in use after: 61.8 MB.

Unloading 5 unused Assets to reduce memory usage. Loaded Objects now: 1778.
Total: 1.511100 ms (FindLiveObjects: 0.179700 ms CreateObjectMapping: 0.039400 ms MarkObjects: 1.248300 ms  DeleteObjects: 0.043000 ms)

========================================================================
Received Import Request.
  Time since last request: 4230.493109 seconds.
  path: Assets/Art/Platforms.png
  artifactKey: Guid(df15890ee2c957f4f847dba86acd0e24) Importer(815301076,1909f56bfc062723c751e8b465ee728b)
Start importing Assets/Art/Platforms.png using Guid(df15890ee2c957f4f847dba86acd0e24) Importer(815301076,1909f56bfc062723c751e8b465ee728b)  -> (artifact id: '1c00c6f4b33e32abf4577700d8bb8050') in 0.130273 seconds
  Import took 0.132558 seconds .

========================================================================
Received Import Request.
  Time since last request: 327.851168 seconds.
  path: Assets/Prefabs/suelo.prefab
  artifactKey: Guid(2a9e70cac13f0614a8a7bfb4404beaef) Importer(815301076,1909f56bfc062723c751e8b465ee728b)
Start importing Assets/Prefabs/suelo.prefab using Guid(2a9e70cac13f0614a8a7bfb4404beaef) Importer(815301076,1909f56bfc062723c751e8b465ee728b)  -> (artifact id: '4f6b61afd2dfb2b0f5d8e391750b331c') in 0.033007 seconds
  Import took 0.034891 seconds .

========================================================================
Received Import Request.
  Time since last request: 513.160722 seconds.
  path: Assets/Art/Platforms.png
  artifactKey: Guid(df15890ee2c957f4f847dba86acd0e24) Importer(815301076,1909f56bfc062723c751e8b465ee728b)
Start importing Assets/Art/Platforms.png using Guid(df15890ee2c957f4f847dba86acd0e24) Importer(815301076,1909f56bfc062723c751e8b465ee728b)  -> (artifact id: 'be8ec5936770e39836712a7dc606fefc') in 0.074449 seconds
  Import took 0.077067 seconds .

========================================================================
Received Import Request.
  Time since last request: 222.013190 seconds.
  path: Assets/Prefabs/AperBase.prefab
  artifactKey: Guid(23d0f949220b34d41b3b0408118b744f) Importer(815301076,1909f56bfc062723c751e8b465ee728b)
Start importing Assets/Prefabs/AperBase.prefab using Guid(23d0f949220b34d41b3b0408118b744f) Importer(815301076,1909f56bfc062723c751e8b465ee728b)  -> (artifact id: '33fb62788e2f589fd5e346c2aafac0b1') in 0.013509 seconds
  Import took 0.015415 seconds .

========================================================================
Received Import Request.
  Time since last request: 0.001561 seconds.
  path: Assets/Prefabs/AperBase.prefab
  artifactKey: Guid(23d0f949220b34d41b3b0408118b744f) Importer(815301076,1909f56bfc062723c751e8b465ee728b)
Start importing Assets/Prefabs/AperBase.prefab using Guid(23d0f949220b34d41b3b0408118b744f) Importer(815301076,1909f56bfc062723c751e8b465ee728b)  -> (artifact id: '33fb62788e2f589fd5e346c2aafac0b1') in 0.009920 seconds
  Import took 0.011740 seconds .

========================================================================
Received Import Request.
  Time since last request: 66.369854 seconds.
  path: Assets/Prefabs/Base.prefab
  artifactKey: Guid(23dfc8c8e3b1941419e849fcb60266fc) Importer(815301076,1909f56bfc062723c751e8b465ee728b)
Start importing Assets/Prefabs/Base.prefab using Guid(23dfc8c8e3b1941419e849fcb60266fc) Importer(815301076,1909f56bfc062723c751e8b465ee728b)  -> (artifact id: '0ce0f887a3ea3fe73adbe161a26975a4') in 0.012415 seconds
  Import took 0.014450 seconds .

========================================================================
Received Import Request.
  Time since last request: 0.000706 seconds.
  path: Assets/Prefabs/Base.prefab
  artifactKey: Guid(23dfc8c8e3b1941419e849fcb60266fc) Importer(815301076,1909f56bfc062723c751e8b465ee728b)
Start importing Assets/Prefabs/Base.prefab using Guid(23dfc8c8e3b1941419e849fcb60266fc) Importer(815301076,1909f56bfc062723c751e8b465ee728b)  -> (artifact id: '0ce0f887a3ea3fe73adbe161a26975a4') in 0.008615 seconds
  Import took 0.010392 seconds .

========================================================================
Received Import Request.
  Time since last request: 61.050267 seconds.
  path: Assets/Prefabs/columnaegip.prefab
  artifactKey: Guid(d090b0422da75a6479c042d3a9abae88) Importer(815301076,1909f56bfc062723c751e8b465ee728b)
Start importing Assets/Prefabs/columnaegip.prefab using Guid(d090b0422da75a6479c042d3a9abae88) Importer(815301076,1909f56bfc062723c751e8b465ee728b)  -> (artifact id: 'e100427f3c842c42078c20954a797e0c') in 0.014503 seconds
  Import took 0.016448 seconds .

========================================================================
Received Import Request.
  Time since last request: 0.005287 seconds.
  path: Assets/Prefabs/columnaegip.prefab
  artifactKey: Guid(d090b0422da75a6479c042d3a9abae88) Importer(815301076,1909f56bfc062723c751e8b465ee728b)
Start importing Assets/Prefabs/columnaegip.prefab using Guid(d090b0422da75a6479c042d3a9abae88) Importer(815301076,1909f56bfc062723c751e8b465ee728b)  -> (artifact id: 'e100427f3c842c42078c20954a797e0c') in 0.008591 seconds
  Import took 0.010654 seconds .

========================================================================
Received Import Request.
  Time since last request: 63.790998 seconds.
  path: Assets/Prefabs/columna.prefab
  artifactKey: Guid(7fe983b3bc73d7e46946ea9a5a4357a0) Importer(815301076,1909f56bfc062723c751e8b465ee728b)
Start importing Assets/Prefabs/columna.prefab using Guid(7fe983b3bc73d7e46946ea9a5a4357a0) Importer(815301076,1909f56bfc062723c751e8b465ee728b)  -> (artifact id: 'db523172c790f1389893d5ea3815b3bb') in 0.013202 seconds
  Import took 0.015089 seconds .

========================================================================
Received Prepare
Registering precompiled user dll's ...
Registered in 0.000496 seconds.
Begin MonoManager ReloadAssembly
Native extension for WindowsStandalone target not found
Refreshing native plugins compatible for Editor in 0.19 ms, found 0 plugins.
Preloading 0 native plugins for Editor in 0.00 ms.
Invoked RoslynAnalysisRunner static constructor.
RoslynAnalysisRunner will not be running.
RoslynAnalysisRunner has terminated.
Mono: successfully reloaded assembly
- Completed reload, in  0.633 seconds
Platform modules already initialized, skipping
Refreshing native plugins compatible for Editor in 0.19 ms, found 0 plugins.
Preloading 0 native plugins for Editor in 0.00 ms.
Unloading 1143 Unused Serialized files (Serialized files now loaded: 0)
System memory in use before: 61.8 MB.
System memory in use after: 61.9 MB.

Unloading 5 unused Assets to reduce memory usage. Loaded Objects now: 1788.
Total: 1.541400 ms (FindLiveObjects: 0.169500 ms CreateObjectMapping: 0.042800 ms MarkObjects: 1.282600 ms  DeleteObjects: 0.045500 ms)

========================================================================
Received Import Request.
  Time since last request: 1441.704243 seconds.
  path: Assets/Prefabs/personaje.prefab
  artifactKey: Guid(ca45242031b439642aee4f13591691ac) Importer(815301076,1909f56bfc062723c751e8b465ee728b)
Start importing Assets/Prefabs/personaje.prefab using Guid(ca45242031b439642aee4f13591691ac) Importer(815301076,1909f56bfc062723c751e8b465ee728b)  -> (artifact id: 'f062fce6e029e69c8073e3e76010877e') in 0.070816 seconds
  Import took 0.072759 seconds .

========================================================================
Received Prepare
Registering precompiled user dll's ...
Registered in 0.000516 seconds.
Begin MonoManager ReloadAssembly
Native extension for WindowsStandalone target not found
Refreshing native plugins compatible for Editor in 0.20 ms, found 0 plugins.
Preloading 0 native plugins for Editor in 0.00 ms.
Invoked RoslynAnalysisRunner static constructor.
RoslynAnalysisRunner will not be running.
RoslynAnalysisRunner has terminated.
Mono: successfully reloaded assembly
- Completed reload, in  0.643 seconds
Platform modules already initialized, skipping
Refreshing native plugins compatible for Editor in 0.19 ms, found 0 plugins.
Preloading 0 native plugins for Editor in 0.00 ms.
Unloading 1143 Unused Serialized files (Serialized files now loaded: 0)
System memory in use before: 61.8 MB.
System memory in use after: 61.9 MB.

Unloading 5 unused Assets to reduce memory usage. Loaded Objects now: 1792.
Total: 1.473200 ms (FindLiveObjects: 0.146500 ms CreateObjectMapping: 0.030000 ms MarkObjects: 1.258200 ms  DeleteObjects: 0.037600 ms)

========================================================================
Received Import Request.
  Time since last request: 135.584959 seconds.
  path: Assets/Ani/Backdrop.png
  artifactKey: Guid(7ccc10cd307348742b7634b2f7ea3adb) Importer(815301076,1909f56bfc062723c751e8b465ee728b)
Start importing Assets/Ani/Backdrop.png using Guid(7ccc10cd307348742b7634b2f7ea3adb) Importer(815301076,1909f56bfc062723c751e8b465ee728b)  -> (artifact id: '7df1ac88a69b3643b4160205dbe46b0e') in 0.039385 seconds
  Import took 0.041373 seconds .

AssetImportWorkerClient::OnTransportError - code=2 error=End of file
